<?xml version="1.0" encoding="UTF-8"?>
<testng-results skipped="0" failed="0" total="2" passed="2">
  <reporter-output>
  </reporter-output>
  <suite name="Command line suite" duration-ms="22" started-at="2014-03-04T11:20:31Z" finished-at="2014-03-04T11:20:31Z">
    <groups>
    </groups>
    <test name="Command line test" duration-ms="22" started-at="2014-03-04T11:20:31Z" finished-at="2014-03-04T11:20:31Z">
      <class name="fr.neoxia.controller.attachmentFileTest">
        <test-method status="PASS" signature="testSetupNode()" name="testSetupNode" duration-ms="5" started-at="2014-03-04T11:20:31Z" finished-at="2014-03-04T11:20:31Z">
        </test-method>
        <test-method status="PASS" signature="testMapperAttachment()" name="testMapperAttachment" duration-ms="0" started-at="2014-03-04T11:20:31Z" finished-at="2014-03-04T11:20:31Z">
        </test-method>
      </class>
    </test>
  </suite>
</testng-results>
