<?xml version="1.0" encoding="UTF-8"?>
<!-- Generated by org.testng.reporters.JUnitXMLReporter -->
<testsuite hostname="Macintosh.local" name="Command line test" tests="2" failures="0" timestamp="4 Mar 2014 10:20:31 GMT" time="0.022" errors="0">
  <testcase name="testSetupNode on instance testSetupNode(fr.neoxia.controller.attachmentFileTest)" time="0.005" classname="fr.neoxia.controller.attachmentFileTest"/>
  <testcase name="testMapperAttachment on instance testMapperAttachment(fr.neoxia.controller.attachmentFileTest)" time="0.0" classname="fr.neoxia.controller.attachmentFileTest"/>
</testsuite>
